<?xml version="1.0" encoding="UTF-8"?>
<testng-results skipped="0" failed="0" ignored="0" total="2" passed="2">
  <reporter-output>
  </reporter-output>
  <suite name="Surefire suite" duration-ms="2216" started-at="2019-01-22T09:22:39Z" finished-at="2019-01-22T09:22:42Z">
    <groups>
    </groups>
    <test name="Surefire test" duration-ms="2216" started-at="2019-01-22T09:22:39Z" finished-at="2019-01-22T09:22:42Z">
      <class name="com.qa.tests.PostAPITest">
        <test-method status="PASS" signature="setUp()[pri:0, instance:com.qa.tests.PostAPITest@194a1b5]" name="setUp" is-config="true" duration-ms="0" started-at="2019-01-22T09:22:41Z" finished-at="2019-01-22T09:22:41Z">
          <reporter-output>
          </reporter-output>
        </test-method> <!-- setUp -->
        <test-method status="PASS" signature="postAPITest()[pri:0, instance:com.qa.tests.PostAPITest@194a1b5]" name="postAPITest" duration-ms="923" started-at="2019-01-22T09:22:41Z" finished-at="2019-01-22T09:22:42Z">
          <reporter-output>
          </reporter-output>
        </test-method> <!-- postAPITest -->
      </class> <!-- com.qa.tests.PostAPITest -->
      <class name="com.qa.tests.GetAPITest">
        <test-method status="PASS" signature="setUp()[pri:0, instance:com.qa.tests.GetAPITest@c3fd8b]" name="setUp" is-config="true" duration-ms="4" started-at="2019-01-22T09:22:39Z" finished-at="2019-01-22T09:22:39Z">
          <reporter-output>
          </reporter-output>
        </test-method> <!-- setUp -->
        <test-method status="PASS" signature="getAPITest()[pri:0, instance:com.qa.tests.GetAPITest@c3fd8b]" name="getAPITest" duration-ms="1275" started-at="2019-01-22T09:22:39Z" finished-at="2019-01-22T09:22:41Z">
          <reporter-output>
          </reporter-output>
        </test-method> <!-- getAPITest -->
      </class> <!-- com.qa.tests.GetAPITest -->
    </test> <!-- Surefire test -->
  </suite> <!-- Surefire suite -->
</testng-results>
