<?xml version="1.0" encoding="UTF-8"?>
<testng-results skipped="0" failed="0" ignored="0" total="1" passed="1">
  <reporter-output>
  </reporter-output>
  <suite name="Default suite" duration-ms="1337" started-at="2019-01-22T11:19:41Z" finished-at="2019-01-22T11:19:42Z">
    <groups>
    </groups>
    <test name="Default test" duration-ms="1337" started-at="2019-01-22T11:19:41Z" finished-at="2019-01-22T11:19:42Z">
      <class name="com.qa.tests.PostAPITest">
        <test-method status="PASS" signature="setUp()[pri:0, instance:com.qa.tests.PostAPITest@1753acfe]" name="setUp" is-config="true" duration-ms="5" started-at="2019-01-22T11:19:41Z" finished-at="2019-01-22T11:19:41Z">
          <reporter-output>
          </reporter-output>
        </test-method> <!-- setUp -->
        <test-method status="PASS" signature="postAPITest()[pri:0, instance:com.qa.tests.PostAPITest@1753acfe]" name="postAPITest" duration-ms="1313" started-at="2019-01-22T11:19:41Z" finished-at="2019-01-22T11:19:42Z">
          <reporter-output>
          </reporter-output>
        </test-method> <!-- postAPITest -->
      </class> <!-- com.qa.tests.PostAPITest -->
    </test> <!-- Default test -->
  </suite> <!-- Default suite -->
</testng-results>
