<?xml version="1.0" encoding="UTF-8"?>
<testng-results skipped="0" failed="0" ignored="0" total="1" passed="1">
  <reporter-output>
  </reporter-output>
  <suite name="Default suite" duration-ms="13167" started-at="2019-01-31T11:31:12Z" finished-at="2019-01-31T11:31:25Z">
    <groups>
    </groups>
    <test name="Default test" duration-ms="13167" started-at="2019-01-31T11:31:12Z" finished-at="2019-01-31T11:31:25Z">
      <class name="com.qa.tests.PostAPITest">
        <test-method status="PASS" signature="setUp()[pri:0, instance:com.qa.tests.PostAPITest@3532ec19]" name="setUp" is-config="true" duration-ms="11278" started-at="2019-01-31T11:31:12Z" finished-at="2019-01-31T11:31:23Z">
          <reporter-output>
          </reporter-output>
        </test-method> <!-- setUp -->
        <test-method status="PASS" signature="postAPITest()[pri:0, instance:com.qa.tests.PostAPITest@3532ec19]" name="postAPITest" duration-ms="1873" started-at="2019-01-31T11:31:23Z" finished-at="2019-01-31T11:31:25Z">
          <reporter-output>
          </reporter-output>
        </test-method> <!-- postAPITest -->
      </class> <!-- com.qa.tests.PostAPITest -->
    </test> <!-- Default test -->
  </suite> <!-- Default suite -->
</testng-results>
